# JRE version: Java(TM) SE Runtime Environment (19.0.2+7) (build 19.0.2+7-44)
# Java VM: Java HotSpot(TM) 64-Bit Server VM (19.0.2+7-44, mixed mode, sharing, tiered, compressed oops, compressed class ptrs, g1 gc, windows-amd64)
GC Precious Log:
 CardTable entry size: 512
 Card Set container configuration: InlinePtr #cards 4 size 8 Array Of Cards #cards 16 size 48 Howl #buckets 8 coarsen threshold 3686 Howl Bitmap #cards 512 size 80 coarsen threshold 460 Card regions per heap region 1 cards per card region 4096
 CPUs: 8 total, 8 available
 Memory: 8050M
 Large Page Support: Disabled
 NUMA Support: Disabled
 Compressed Oops: Enabled (Zero based)
 Heap Region Size: 2M
 Heap Min Capacity: 8M
 Heap Initial Capacity: 126M
 Heap Max Capacity: 4048M
 Pre-touch: Disabled
 Parallel Workers: 8
 Concurrent Workers: 2
 Concurrent Refinement Workers: 8
 Periodic GC: Disabled
Heap:
 garbage-first heap   total 684032K, used 517516K [0x0000000703000000, 0x0000000800000000)
  region size 2048K, 5 young (10240K), 5 survivors (10240K)
 Metaspace       used 124200K, committed 126528K, reserved 1179648K
  class space    used 15867K, committed 17088K, reserved 1048576K
GC Heap History (20 events):
Event: 70.709 GC heap after
{Heap after GC invocations=85 (full 0):
 garbage-first heap   total 593920K, used 509592K [0x0000000703000000, 0x0000000800000000)
  region size 2048K, 3 young (6144K), 3 survivors (6144K)
 Metaspace       used 120510K, committed 122880K, reserved 1179648K
  class space    used 15367K, committed 16576K, reserved 1048576K
}
Event: 75.683 GC heap before
{Heap before GC invocations=85 (full 0):
 garbage-first heap   total 593920K, used 534168K [0x0000000703000000, 0x0000000800000000)
  region size 2048K, 14 young (28672K), 3 survivors (6144K)
 Metaspace       used 120878K, committed 123264K, reserved 1179648K
  class space    used 15413K, committed 16640K, reserved 1048576K
}
Event: 75.688 GC heap after
{Heap after GC invocations=86 (full 0):
 garbage-first heap   total 593920K, used 521152K [0x0000000703000000, 0x0000000800000000)
  region size 2048K, 2 young (4096K), 2 survivors (4096K)
 Metaspace       used 120878K, committed 123264K, reserved 1179648K
  class space    used 15413K, committed 16640K, reserved 1048576K
}
Event: 75.942 GC heap before
{Heap before GC invocations=86 (full 0):
 garbage-first heap   total 593920K, used 539584K [0x0000000703000000, 0x0000000800000000)
  region size 2048K, 11 young (22528K), 2 survivors (4096K)
 Metaspace       used 120926K, committed 123328K, reserved 1179648K
  class space    used 15414K, committed 16640K, reserved 1048576K
}
Event: 75.948 GC heap after
{Heap after GC invocations=87 (full 0):
 garbage-first heap   total 593920K, used 533223K [0x0000000703000000, 0x0000000800000000)
  region size 2048K, 2 young (4096K), 2 survivors (4096K)
 Metaspace       used 120926K, committed 123328K, reserved 1179648K
  class space    used 15414K, committed 16640K, reserved 1048576K
}
Event: 76.533 GC heap before
{Heap before GC invocations=87 (full 0):
 garbage-first heap   total 593920K, used 570087K [0x0000000703000000, 0x0000000800000000)
  region size 2048K, 14 young (28672K), 2 survivors (4096K)
 Metaspace       used 120937K, committed 123328K, reserved 1179648K
  class space    used 15414K, committed 16640K, reserved 1048576K
}
Event: 76.541 GC heap after
{Heap after GC invocations=88 (full 0):
 garbage-first heap   total 593920K, used 555414K [0x0000000703000000, 0x0000000800000000)
  region size 2048K, 2 young (4096K), 2 survivors (4096K)
 Metaspace       used 120937K, committed 123328K, reserved 1179648K
  class space    used 15414K, committed 16640K, reserved 1048576K
}
Event: 78.328 GC heap before
{Heap before GC invocations=89 (full 0):
 garbage-first heap   total 684032K, used 440726K [0x0000000703000000, 0x0000000800000000)
  region size 2048K, 16 young (32768K), 2 survivors (4096K)
 Metaspace       used 121798K, committed 124160K, reserved 1179648K
  class space    used 15526K, committed 16768K, reserved 1048576K
}
Event: 78.339 GC heap after
{Heap after GC invocations=90 (full 0):
 garbage-first heap   total 684032K, used 427145K [0x0000000703000000, 0x0000000800000000)
  region size 2048K, 2 young (4096K), 2 survivors (4096K)
 Metaspace       used 121798K, committed 124160K, reserved 1179648K
  class space    used 15526K, committed 16768K, reserved 1048576K
}
Event: 79.262 GC heap before
{Heap before GC invocations=90 (full 0):
 garbage-first heap   total 684032K, used 478345K [0x0000000703000000, 0x0000000800000000)
  region size 2048K, 16 young (32768K), 2 survivors (4096K)
 Metaspace       used 123721K, committed 126080K, reserved 1179648K
  class space    used 15803K, committed 17024K, reserved 1048576K
}
Event: 79.270 GC heap after
{Heap after GC invocations=91 (full 0):
 garbage-first heap   total 684032K, used 374176K [0x0000000703000000, 0x0000000800000000)
  region size 2048K, 2 young (4096K), 2 survivors (4096K)
 Metaspace       used 123721K, committed 126080K, reserved 1179648K
  class space    used 15803K, committed 17024K, reserved 1048576K
}
Event: 79.293 GC heap before
{Heap before GC invocations=91 (full 0):
 garbage-first heap   total 684032K, used 415136K [0x0000000703000000, 0x0000000800000000)
  region size 2048K, 16 young (32768K), 2 survivors (4096K)
 Metaspace       used 123724K, committed 126080K, reserved 1179648K
  class space    used 15803K, committed 17024K, reserved 1048576K
}
Event: 79.306 GC heap after
{Heap after GC invocations=92 (full 0):
 garbage-first heap   total 684032K, used 329360K [0x0000000703000000, 0x0000000800000000)
  region size 2048K, 2 young (4096K), 2 survivors (4096K)
 Metaspace       used 123724K, committed 126080K, reserved 1179648K
  class space    used 15803K, committed 17024K, reserved 1048576K
}
Event: 79.960 GC heap before
{Heap before GC invocations=92 (full 0):
 garbage-first heap   total 684032K, used 511632K [0x0000000703000000, 0x0000000800000000)
  region size 2048K, 65 young (133120K), 2 survivors (4096K)
 Metaspace       used 124057K, committed 126464K, reserved 1179648K
  class space    used 15845K, committed 17088K, reserved 1048576K
}
Event: 79.992 GC heap after
{Heap after GC invocations=93 (full 0):
 garbage-first heap   total 684032K, used 403043K [0x0000000703000000, 0x0000000800000000)
  region size 2048K, 9 young (18432K), 9 survivors (18432K)
 Metaspace       used 124057K, committed 126464K, reserved 1179648K
  class space    used 15845K, committed 17088K, reserved 1048576K
}
Event: 80.460 GC heap before
{Heap before GC invocations=93 (full 0):
 garbage-first heap   total 684032K, used 503395K [0x0000000703000000, 0x0000000800000000)
  region size 2048K, 57 young (116736K), 9 survivors (18432K)
 Metaspace       used 124061K, committed 126464K, reserved 1179648K
  class space    used 15845K, committed 17088K, reserved 1048576K
}
Event: 80.520 GC heap after
{Heap after GC invocations=94 (full 0):
 garbage-first heap   total 684032K, used 443930K [0x0000000703000000, 0x0000000800000000)
  region size 2048K, 8 young (16384K), 8 survivors (16384K)
 Metaspace       used 124061K, committed 126464K, reserved 1179648K
  class space    used 15845K, committed 17088K, reserved 1048576K
}
Event: 80.790 GC heap before
{Heap before GC invocations=94 (full 0):
 garbage-first heap   total 684032K, used 536090K [0x0000000703000000, 0x0000000800000000)
  region size 2048K, 48 young (98304K), 8 survivors (16384K)
 Metaspace       used 124061K, committed 126464K, reserved 1179648K
  class space    used 15845K, committed 17088K, reserved 1048576K
}
Event: 80.864 GC heap after
{Heap after GC invocations=95 (full 0):
 garbage-first heap   total 684032K, used 484583K [0x0000000703000000, 0x0000000800000000)
  region size 2048K, 6 young (12288K), 6 survivors (12288K)
 Metaspace       used 124061K, committed 126464K, reserved 1179648K
  class space    used 15845K, committed 17088K, reserved 1048576K
}
Event: 81.052 GC heap before
{Heap before GC invocations=95 (full 0):
 garbage-first heap   total 684032K, used 546023K [0x0000000703000000, 0x0000000800000000)
  region size 2048K, 37 young (75776K), 6 survivors (12288K)
 Metaspace       used 124200K, committed 126528K, reserved 1179648K
  class space    used 15867K, committed 17088K, reserved 1048576K
}

